2021-06-08 10:00:07 [main] INFO  c.s.d.CarChargingSessionApplication - Application is starting..
2021-06-08 10:00:08 [main] INFO  c.s.d.CarChargingSessionApplication - Starting CarChargingSessionApplication using Java 1.8.0_281 on Sertacs-MacBook-Pro.local with PID 44232 (/Users/sertacdemir/Desktop/code/workspace-spring-tool-suite/car-charging-session/target/classes started by sertacdemir in /Users/sertacdemir/Desktop/code/workspace-spring-tool-suite/car-charging-session)
2021-06-08 10:00:08 [main] INFO  c.s.d.CarChargingSessionApplication - No active profile set, falling back to default profiles: default
2021-06-08 10:00:10 [main] INFO  o.s.b.w.e.tomcat.TomcatWebServer - Tomcat initialized with port(s): 8082 (http)
2021-06-08 10:00:10 [main] INFO  o.a.coyote.http11.Http11NioProtocol - Initializing ProtocolHandler ["http-nio-8082"]
2021-06-08 10:00:10 [main] INFO  o.a.catalina.core.StandardService - Starting service [Tomcat]
2021-06-08 10:00:10 [main] INFO  o.a.catalina.core.StandardEngine - Starting Servlet engine: [Apache Tomcat/9.0.46]
2021-06-08 10:00:10 [main] INFO  o.a.c.c.C.[Tomcat].[localhost].[/] - Initializing Spring embedded WebApplicationContext
2021-06-08 10:00:10 [main] INFO  o.s.b.w.s.c.ServletWebServerApplicationContext - Root WebApplicationContext: initialization completed in 1756 ms
2021-06-08 10:00:12 [main] INFO  o.a.coyote.http11.Http11NioProtocol - Starting ProtocolHandler ["http-nio-8082"]
2021-06-08 10:00:12 [main] INFO  o.s.b.w.e.tomcat.TomcatWebServer - Tomcat started on port(s): 8082 (http) with context path ''
2021-06-08 10:00:12 [main] INFO  c.s.d.CarChargingSessionApplication - Started CarChargingSessionApplication in 5.29 seconds (JVM running for 5.998)
2021-06-08 10:00:12 [main] INFO  o.s.b.a.ApplicationAvailabilityBean - Application availability state LivenessState changed to CORRECT
2021-06-08 10:00:12 [main] INFO  o.s.b.a.ApplicationAvailabilityBean - Application availability state ReadinessState changed to ACCEPTING_TRAFFIC
2021-06-08 10:00:23 [http-nio-8082-exec-5] INFO  o.a.c.c.C.[Tomcat].[localhost].[/] - Initializing Spring DispatcherServlet 'dispatcherServlet'
2021-06-08 10:00:23 [http-nio-8082-exec-5] INFO  o.s.web.servlet.DispatcherServlet - Initializing Servlet 'dispatcherServlet'
2021-06-08 10:00:23 [http-nio-8082-exec-5] INFO  o.s.web.servlet.DispatcherServlet - Completed initialization in 3 ms
2021-06-08 10:00:23 [http-nio-8082-exec-5] INFO  c.s.d.c.c.s.CarChargingSessionService - Get all charging entitties request is received.
2021-06-08 10:00:25 [http-nio-8082-exec-6] INFO  c.s.d.c.c.s.CarChargingSessionService - Add new charging entity request is received.
2021-06-08 10:00:25 [http-nio-8082-exec-6] INFO  c.s.d.c.c.s.CarChargingSessionService - New charging entity is saved with id: fce2e8ad-ce65-442d-aeed-953732d6ab6c
2021-06-08 10:00:28 [http-nio-8082-exec-4] INFO  c.s.d.c.c.s.CarChargingSessionService - Stop charging entity request is received.
2021-06-08 10:00:28 [http-nio-8082-exec-4] INFO  c.s.d.c.c.s.CarChargingSessionService - No charging station is found with id: 7d8a6887-38e3-4b04-87b6-91b7b6815e27
2021-06-08 10:00:42 [http-nio-8082-exec-3] INFO  c.s.d.c.c.s.CarChargingSessionService - Stop charging entity request is received.
2021-06-08 10:00:42 [http-nio-8082-exec-3] INFO  c.s.d.c.c.s.CarChargingSessionService - Charging entity with id: fce2e8ad-ce65-442d-aeed-953732d6ab6c is stopped successfully!
2021-06-08 10:00:44 [http-nio-8082-exec-9] INFO  c.s.d.c.c.s.CarChargingSessionService - Stop charging entity request is received.
2021-06-08 10:00:44 [http-nio-8082-exec-9] INFO  c.s.d.c.c.s.CarChargingSessionService - Charging statis is already stopped with id: fce2e8ad-ce65-442d-aeed-953732d6ab6c
2021-06-08 10:01:00 [main] INFO  c.s.d.CarChargingSessionApplication - Application is starting..
2021-06-08 10:01:01 [main] INFO  c.s.d.CarChargingSessionApplication - Starting CarChargingSessionApplication using Java 1.8.0_281 on Sertacs-MacBook-Pro.local with PID 44241 (/Users/sertacdemir/Desktop/code/workspace-spring-tool-suite/car-charging-session/target/classes started by sertacdemir in /Users/sertacdemir/Desktop/code/workspace-spring-tool-suite/car-charging-session)
2021-06-08 10:01:01 [main] INFO  c.s.d.CarChargingSessionApplication - No active profile set, falling back to default profiles: default
2021-06-08 10:01:03 [main] INFO  o.s.b.w.e.tomcat.TomcatWebServer - Tomcat initialized with port(s): 8082 (http)
2021-06-08 10:01:03 [main] INFO  o.a.coyote.http11.Http11NioProtocol - Initializing ProtocolHandler ["http-nio-8082"]
2021-06-08 10:01:03 [main] INFO  o.a.catalina.core.StandardService - Starting service [Tomcat]
2021-06-08 10:01:03 [main] INFO  o.a.catalina.core.StandardEngine - Starting Servlet engine: [Apache Tomcat/9.0.46]
2021-06-08 10:01:03 [main] INFO  o.a.c.c.C.[Tomcat].[localhost].[/] - Initializing Spring embedded WebApplicationContext
2021-06-08 10:01:03 [main] INFO  o.s.b.w.s.c.ServletWebServerApplicationContext - Root WebApplicationContext: initialization completed in 1650 ms
2021-06-08 10:01:05 [main] INFO  o.a.coyote.http11.Http11NioProtocol - Starting ProtocolHandler ["http-nio-8082"]
2021-06-08 10:01:05 [main] INFO  o.s.b.w.e.tomcat.TomcatWebServer - Tomcat started on port(s): 8082 (http) with context path ''
2021-06-08 10:01:05 [main] INFO  c.s.d.CarChargingSessionApplication - Started CarChargingSessionApplication in 4.255 seconds (JVM running for 4.891)
2021-06-08 10:01:05 [main] INFO  o.s.b.a.ApplicationAvailabilityBean - Application availability state LivenessState changed to CORRECT
2021-06-08 10:01:05 [main] INFO  o.s.b.a.ApplicationAvailabilityBean - Application availability state ReadinessState changed to ACCEPTING_TRAFFIC
2021-06-08 10:01:17 [http-nio-8082-exec-1] INFO  o.a.c.c.C.[Tomcat].[localhost].[/] - Initializing Spring DispatcherServlet 'dispatcherServlet'
2021-06-08 10:01:17 [http-nio-8082-exec-1] INFO  o.s.web.servlet.DispatcherServlet - Initializing Servlet 'dispatcherServlet'
2021-06-08 10:01:17 [http-nio-8082-exec-1] INFO  o.s.web.servlet.DispatcherServlet - Completed initialization in 3 ms
2021-06-08 10:01:34 [http-nio-8082-exec-6] INFO  c.s.d.c.c.s.CarChargingSessionService - Get all charging entitties request is received.
2021-06-08 10:01:39 [http-nio-8082-exec-7] INFO  c.s.d.c.c.s.CarChargingSessionService - Stop charging entity request is received.
2021-06-08 10:01:39 [http-nio-8082-exec-7] INFO  c.s.d.c.c.s.CarChargingSessionService - No charging station is found with id: fce2e8ad-ce65-442d-aeed-953732d6ab6c
2021-06-08 10:02:04 [http-nio-8082-exec-2] INFO  c.s.d.c.c.s.CarChargingSessionService - Add new charging entity request is received.
2021-06-08 10:02:04 [http-nio-8082-exec-2] INFO  c.s.d.c.c.s.CarChargingSessionService - New charging entity is saved with id: 1b3d7215-67ce-4742-8535-030f086b5156
2021-06-08 10:02:17 [http-nio-8082-exec-8] INFO  c.s.d.c.c.s.CarChargingSessionService - Stop charging entity request is received.
2021-06-08 10:02:17 [http-nio-8082-exec-8] INFO  c.s.d.c.c.s.CarChargingSessionService - Charging entity with id: 1b3d7215-67ce-4742-8535-030f086b5156 is stopped successfully!
2021-06-08 10:02:18 [http-nio-8082-exec-9] INFO  c.s.d.c.c.s.CarChargingSessionService - Stop charging entity request is received.
2021-06-08 10:02:18 [http-nio-8082-exec-9] INFO  c.s.d.c.c.s.CarChargingSessionService - Charging statis is already stopped with id: 1b3d7215-67ce-4742-8535-030f086b5156
2021-06-08 10:03:40 [main] INFO  c.s.d.CarChargingSessionApplication - Application is starting..
2021-06-08 10:03:41 [main] INFO  c.s.d.CarChargingSessionApplication - Starting CarChargingSessionApplication using Java 1.8.0_281 on Sertacs-MacBook-Pro.local with PID 44275 (/Users/sertacdemir/Desktop/code/workspace-spring-tool-suite/car-charging-session/target/classes started by sertacdemir in /Users/sertacdemir/Desktop/code/workspace-spring-tool-suite/car-charging-session)
2021-06-08 10:03:41 [main] INFO  c.s.d.CarChargingSessionApplication - No active profile set, falling back to default profiles: default
2021-06-08 10:03:42 [main] INFO  o.s.b.w.e.tomcat.TomcatWebServer - Tomcat initialized with port(s): 8082 (http)
2021-06-08 10:03:42 [main] INFO  o.a.coyote.http11.Http11NioProtocol - Initializing ProtocolHandler ["http-nio-8082"]
2021-06-08 10:03:42 [main] INFO  o.a.catalina.core.StandardService - Starting service [Tomcat]
2021-06-08 10:03:42 [main] INFO  o.a.catalina.core.StandardEngine - Starting Servlet engine: [Apache Tomcat/9.0.46]
2021-06-08 10:03:43 [main] INFO  o.a.c.c.C.[Tomcat].[localhost].[/] - Initializing Spring embedded WebApplicationContext
2021-06-08 10:03:43 [main] INFO  o.s.b.w.s.c.ServletWebServerApplicationContext - Root WebApplicationContext: initialization completed in 1662 ms
2021-06-08 10:03:44 [main] INFO  o.a.coyote.http11.Http11NioProtocol - Starting ProtocolHandler ["http-nio-8082"]
2021-06-08 10:03:44 [main] INFO  o.s.b.w.e.tomcat.TomcatWebServer - Tomcat started on port(s): 8082 (http) with context path ''
2021-06-08 10:03:44 [main] INFO  c.s.d.CarChargingSessionApplication - Started CarChargingSessionApplication in 4.32 seconds (JVM running for 4.952)
2021-06-08 10:03:44 [main] INFO  o.s.b.a.ApplicationAvailabilityBean - Application availability state LivenessState changed to CORRECT
2021-06-08 10:03:44 [main] INFO  o.s.b.a.ApplicationAvailabilityBean - Application availability state ReadinessState changed to ACCEPTING_TRAFFIC
2021-06-08 10:03:57 [http-nio-8082-exec-1] INFO  o.a.c.c.C.[Tomcat].[localhost].[/] - Initializing Spring DispatcherServlet 'dispatcherServlet'
2021-06-08 10:03:57 [http-nio-8082-exec-1] INFO  o.s.web.servlet.DispatcherServlet - Initializing Servlet 'dispatcherServlet'
2021-06-08 10:03:57 [http-nio-8082-exec-1] INFO  o.s.web.servlet.DispatcherServlet - Completed initialization in 2 ms
2021-06-08 10:03:58 [http-nio-8082-exec-1] INFO  c.s.d.c.c.s.CarChargingSessionService - Add new charging entity request is received.
2021-06-08 10:03:58 [http-nio-8082-exec-1] INFO  c.s.d.c.c.s.CarChargingSessionService - New charging entity is saved with id: b173632b-d4f8-4e93-9156-5bfb329a465c
2021-06-08 10:05:37 [main] INFO  c.s.d.CarChargingSessionApplication - Application is starting..
2021-06-08 10:05:37 [main] INFO  c.s.d.CarChargingSessionApplication - Starting CarChargingSessionApplication using Java 1.8.0_281 on Sertacs-MacBook-Pro.local with PID 44295 (/Users/sertacdemir/Desktop/code/workspace-spring-tool-suite/car-charging-session/target/classes started by sertacdemir in /Users/sertacdemir/Desktop/code/workspace-spring-tool-suite/car-charging-session)
2021-06-08 10:05:37 [main] INFO  c.s.d.CarChargingSessionApplication - No active profile set, falling back to default profiles: default
2021-06-08 10:05:39 [main] INFO  o.s.b.w.e.tomcat.TomcatWebServer - Tomcat initialized with port(s): 8082 (http)
2021-06-08 10:05:39 [main] INFO  o.a.coyote.http11.Http11NioProtocol - Initializing ProtocolHandler ["http-nio-8082"]
2021-06-08 10:05:39 [main] INFO  o.a.catalina.core.StandardService - Starting service [Tomcat]
2021-06-08 10:05:39 [main] INFO  o.a.catalina.core.StandardEngine - Starting Servlet engine: [Apache Tomcat/9.0.46]
2021-06-08 10:05:39 [main] INFO  o.a.c.c.C.[Tomcat].[localhost].[/] - Initializing Spring embedded WebApplicationContext
2021-06-08 10:05:39 [main] INFO  o.s.b.w.s.c.ServletWebServerApplicationContext - Root WebApplicationContext: initialization completed in 1705 ms
2021-06-08 10:05:41 [main] INFO  o.a.coyote.http11.Http11NioProtocol - Starting ProtocolHandler ["http-nio-8082"]
2021-06-08 10:05:41 [main] INFO  o.s.b.w.e.tomcat.TomcatWebServer - Tomcat started on port(s): 8082 (http) with context path ''
2021-06-08 10:05:41 [main] INFO  c.s.d.CarChargingSessionApplication - Started CarChargingSessionApplication in 4.349 seconds (JVM running for 4.999)
2021-06-08 10:05:41 [main] INFO  o.s.b.a.ApplicationAvailabilityBean - Application availability state LivenessState changed to CORRECT
2021-06-08 10:05:41 [main] INFO  o.s.b.a.ApplicationAvailabilityBean - Application availability state ReadinessState changed to ACCEPTING_TRAFFIC
2021-06-08 10:05:46 [http-nio-8082-exec-1] INFO  o.a.c.c.C.[Tomcat].[localhost].[/] - Initializing Spring DispatcherServlet 'dispatcherServlet'
2021-06-08 10:05:46 [http-nio-8082-exec-1] INFO  o.s.web.servlet.DispatcherServlet - Initializing Servlet 'dispatcherServlet'
2021-06-08 10:05:46 [http-nio-8082-exec-1] INFO  o.s.web.servlet.DispatcherServlet - Completed initialization in 2 ms
2021-06-08 10:05:46 [http-nio-8082-exec-1] INFO  c.s.d.c.c.s.CarChargingSessionService - Add new charging entity request is received.
2021-06-08 10:05:46 [http-nio-8082-exec-1] INFO  c.s.d.c.c.s.CarChargingSessionService - New charging entity is saved with id: 5147dbce-7a7e-47bf-9301-a1d453c8bf79
2021-06-08 10:05:50 [http-nio-8082-exec-4] INFO  c.s.d.c.c.s.CarChargingSessionService - Add new charging entity request is received.
2021-06-08 10:06:05 [http-nio-8082-exec-5] INFO  c.s.d.c.c.s.CarChargingSessionService - Add new charging entity request is received.
2021-06-08 10:06:05 [http-nio-8082-exec-5] INFO  c.s.d.c.c.s.CarChargingSessionService - New charging entity is saved with id: e303d086-ed75-4a95-8824-a1f0004aa3fa
2021-06-08 10:06:11 [http-nio-8082-exec-6] INFO  c.s.d.c.c.s.CarChargingSessionService - Add new charging entity request is received.
2021-06-08 10:06:11 [http-nio-8082-exec-6] INFO  c.s.d.c.c.s.CarChargingSessionService - New charging entity is saved with id: 24f6b2b8-a7d7-4e41-b9a1-be9ce2eb5d26
2021-06-08 10:06:17 [http-nio-8082-exec-7] INFO  c.s.d.c.c.s.CarChargingSessionService - Get all charging entitties request is received.
2021-06-08 10:06:22 [http-nio-8082-exec-8] INFO  c.s.d.c.c.s.CarChargingSessionService - Stop charging entity request is received.
2021-06-08 10:06:22 [http-nio-8082-exec-8] INFO  c.s.d.c.c.s.CarChargingSessionService - No charging station is found with id: 1b3d7215-67ce-4742-8535-030f086b5156
2021-06-08 14:46:07 [main] INFO  c.s.d.CarChargingSessionApplication - Application is starting..
2021-06-08 14:46:07 [main] INFO  c.s.d.CarChargingSessionApplication - Starting CarChargingSessionApplication using Java 1.8.0_281 on Sertacs-MacBook-Pro.local with PID 46484 (/Users/sertacdemir/Desktop/code/workspace-spring-tool-suite/car-charging-session/target/classes started by sertacdemir in /Users/sertacdemir/Desktop/code/workspace-spring-tool-suite/car-charging-session)
2021-06-08 14:46:07 [main] INFO  c.s.d.CarChargingSessionApplication - No active profile set, falling back to default profiles: default
2021-06-08 14:46:09 [main] INFO  o.s.b.w.e.tomcat.TomcatWebServer - Tomcat initialized with port(s): 8082 (http)
2021-06-08 14:46:09 [main] INFO  o.a.coyote.http11.Http11NioProtocol - Initializing ProtocolHandler ["http-nio-8082"]
2021-06-08 14:46:09 [main] INFO  o.a.catalina.core.StandardService - Starting service [Tomcat]
2021-06-08 14:46:09 [main] INFO  o.a.catalina.core.StandardEngine - Starting Servlet engine: [Apache Tomcat/9.0.46]
2021-06-08 14:46:09 [main] INFO  o.a.c.c.C.[Tomcat].[localhost].[/] - Initializing Spring embedded WebApplicationContext
2021-06-08 14:46:09 [main] INFO  o.s.b.w.s.c.ServletWebServerApplicationContext - Root WebApplicationContext: initialization completed in 1700 ms
2021-06-08 14:46:11 [main] INFO  o.a.coyote.http11.Http11NioProtocol - Starting ProtocolHandler ["http-nio-8082"]
2021-06-08 14:46:11 [main] INFO  o.s.b.w.e.tomcat.TomcatWebServer - Tomcat started on port(s): 8082 (http) with context path ''
2021-06-08 14:46:11 [main] INFO  c.s.d.CarChargingSessionApplication - Started CarChargingSessionApplication in 4.536 seconds (JVM running for 5.239)
2021-06-08 14:46:11 [main] INFO  o.s.b.a.ApplicationAvailabilityBean - Application availability state LivenessState changed to CORRECT
2021-06-08 14:46:11 [main] INFO  o.s.b.a.ApplicationAvailabilityBean - Application availability state ReadinessState changed to ACCEPTING_TRAFFIC
2021-06-08 14:46:18 [http-nio-8082-exec-6] INFO  o.a.c.c.C.[Tomcat].[localhost].[/] - Initializing Spring DispatcherServlet 'dispatcherServlet'
2021-06-08 14:46:18 [http-nio-8082-exec-6] INFO  o.s.web.servlet.DispatcherServlet - Initializing Servlet 'dispatcherServlet'
2021-06-08 14:46:18 [http-nio-8082-exec-6] INFO  o.s.web.servlet.DispatcherServlet - Completed initialization in 6 ms
2021-06-08 14:46:19 [http-nio-8082-exec-6] INFO  c.s.d.c.c.s.CarChargingSessionService - Add new charging entity request is received.
2021-06-08 14:46:19 [http-nio-8082-exec-6] INFO  c.s.d.c.c.s.CarChargingSessionService - New charging entity is saved with id: 9fa04e92-bf52-40c7-b848-ce2907c4a35a
2021-06-08 14:46:22 [http-nio-8082-exec-10] INFO  c.s.d.c.c.s.CarChargingSessionService - Get all charging entitties request is received.
2021-06-08 14:46:28 [http-nio-8082-exec-1] INFO  c.s.d.c.c.s.CarChargingSessionService - Add new charging entity request is received.
2021-06-08 14:46:46 [http-nio-8082-exec-3] INFO  c.s.d.c.c.s.CarChargingSessionService - Add new charging entity request is received.
2021-06-08 14:46:46 [http-nio-8082-exec-3] INFO  c.s.d.c.c.s.CarChargingSessionService - New charging entity is saved with id: 83b0c5b3-2c84-4f7c-a9c3-cf132643be2f
2021-06-08 14:46:55 [http-nio-8082-exec-5] INFO  c.s.d.c.c.s.CarChargingSessionService - Get all charging entitties request is received.
2021-06-08 14:47:11 [main] INFO  o.s.b.t.c.SpringBootTestContextBootstrapper - Neither @ContextConfiguration nor @ContextHierarchy found for test class [com.sdemir.demo.CarChargingSessionApplicationTests], using SpringBootContextLoader
2021-06-08 14:47:11 [main] INFO  o.s.t.c.s.AbstractContextLoader - Could not detect default resource locations for test class [com.sdemir.demo.CarChargingSessionApplicationTests]: no resource found for suffixes {-context.xml, Context.groovy}.
2021-06-08 14:47:11 [main] INFO  o.s.t.c.s.AnnotationConfigContextLoaderUtils - Could not detect default configuration classes for test class [com.sdemir.demo.CarChargingSessionApplicationTests]: CarChargingSessionApplicationTests does not declare any static, non-private, non-final, nested classes annotated with @Configuration.
2021-06-08 14:47:11 [main] INFO  o.s.b.t.c.SpringBootTestContextBootstrapper - Found @SpringBootConfiguration com.sdemir.demo.CarChargingSessionApplication for test class com.sdemir.demo.CarChargingSessionApplicationTests
2021-06-08 14:47:11 [main] INFO  o.s.b.t.c.SpringBootTestContextBootstrapper - Loaded default TestExecutionListener class names from location [META-INF/spring.factories]: [org.springframework.boot.test.mock.mockito.MockitoTestExecutionListener, org.springframework.boot.test.mock.mockito.ResetMocksTestExecutionListener, org.springframework.boot.test.autoconfigure.restdocs.RestDocsTestExecutionListener, org.springframework.boot.test.autoconfigure.web.client.MockRestServiceServerResetTestExecutionListener, org.springframework.boot.test.autoconfigure.web.servlet.MockMvcPrintOnlyOnFailureTestExecutionListener, org.springframework.boot.test.autoconfigure.web.servlet.WebDriverTestExecutionListener, org.springframework.boot.test.autoconfigure.webservices.client.MockWebServiceServerTestExecutionListener, org.springframework.test.context.web.ServletTestExecutionListener, org.springframework.test.context.support.DirtiesContextBeforeModesTestExecutionListener, org.springframework.test.context.event.ApplicationEventsTestExecutionListener, org.springframework.test.context.support.DependencyInjectionTestExecutionListener, org.springframework.test.context.support.DirtiesContextTestExecutionListener, org.springframework.test.context.transaction.TransactionalTestExecutionListener, org.springframework.test.context.jdbc.SqlScriptsTestExecutionListener, org.springframework.test.context.event.EventPublishingTestExecutionListener]
2021-06-08 14:47:11 [main] INFO  o.s.b.t.c.SpringBootTestContextBootstrapper - Using TestExecutionListeners: [org.springframework.test.context.web.ServletTestExecutionListener@5be1d0a4, org.springframework.test.context.support.DirtiesContextBeforeModesTestExecutionListener@415b0b49, org.springframework.test.context.event.ApplicationEventsTestExecutionListener@6d5620ce, org.springframework.boot.test.mock.mockito.MockitoTestExecutionListener@311bf055, org.springframework.boot.test.autoconfigure.SpringBootDependencyInjectionTestExecutionListener@642a7222, org.springframework.test.context.support.DirtiesContextTestExecutionListener@7d322cad, org.springframework.test.context.event.EventPublishingTestExecutionListener@21be3395, org.springframework.boot.test.mock.mockito.ResetMocksTestExecutionListener@4f49f6af, org.springframework.boot.test.autoconfigure.restdocs.RestDocsTestExecutionListener@78452606, org.springframework.boot.test.autoconfigure.web.client.MockRestServiceServerResetTestExecutionListener@147e2ae7, org.springframework.boot.test.autoconfigure.web.servlet.MockMvcPrintOnlyOnFailureTestExecutionListener@448c8166, org.springframework.boot.test.autoconfigure.web.servlet.WebDriverTestExecutionListener@4470fbd6, org.springframework.boot.test.autoconfigure.webservices.client.MockWebServiceServerTestExecutionListener@15d49048]
2021-06-08 14:47:12 [main] INFO  c.s.d.CarChargingSessionApplicationTests - Starting CarChargingSessionApplicationTests using Java 1.8.0_281 on Sertacs-MacBook-Pro.local with PID 46494 (started by sertacdemir in /Users/sertacdemir/Desktop/code/workspace-spring-tool-suite/car-charging-session)
2021-06-08 14:47:12 [main] INFO  c.s.d.CarChargingSessionApplicationTests - No active profile set, falling back to default profiles: default
2021-06-08 14:47:16 [main] INFO  o.s.b.t.m.w.SpringBootMockServletContext - Initializing Spring TestDispatcherServlet ''
2021-06-08 14:47:16 [main] INFO  o.s.t.w.s.TestDispatcherServlet - Initializing Servlet ''
2021-06-08 14:47:16 [main] INFO  o.s.t.w.s.TestDispatcherServlet - Completed initialization in 2 ms
2021-06-08 14:47:16 [main] INFO  c.s.d.CarChargingSessionApplicationTests - Started CarChargingSessionApplicationTests in 4.545 seconds (JVM running for 5.962)
2021-06-08 14:47:16 [main] INFO  o.s.b.a.ApplicationAvailabilityBean - Application availability state LivenessState changed to CORRECT
2021-06-08 14:47:16 [main] INFO  o.s.b.a.ApplicationAvailabilityBean - Application availability state ReadinessState changed to ACCEPTING_TRAFFIC
2021-06-08 14:47:16 [main] INFO  c.s.d.c.c.s.CarChargingSessionService - Add new charging entity request is received.
2021-06-08 14:47:16 [main] INFO  c.s.d.c.c.s.CarChargingSessionService - New charging entity is saved with id: 9f837b32-3002-4576-a529-24b95f261594
2021-06-08 14:47:16 [main] INFO  c.s.d.c.c.s.CarChargingSessionService - Stop charging entity request is received.
2021-06-08 14:47:16 [main] INFO  c.s.d.c.c.s.CarChargingSessionService - Charging entity with id: 9f837b32-3002-4576-a529-24b95f261594 is stopped successfully!
2021-06-08 14:47:16 [main] INFO  c.s.d.c.c.s.CarChargingSessionService - Get all charging entitties request is received.
2021-06-08 14:47:16 [main] INFO  c.s.d.c.c.s.CarChargingSessionService - Add new charging entity request is received.
2021-06-08 14:47:16 [main] INFO  c.s.d.c.c.s.CarChargingSessionService - New charging entity is saved with id: b81931d6-a0cd-418e-bbd7-fdaef863cc9f
2021-06-08 14:47:16 [main] INFO  c.s.d.c.c.s.CarChargingSessionService - Stop charging entity request is received.
2021-06-08 14:47:16 [main] INFO  c.s.d.c.c.s.CarChargingSessionService - Charging entity with id: b81931d6-a0cd-418e-bbd7-fdaef863cc9f is stopped successfully!
2021-06-08 14:47:16 [main] INFO  c.s.d.c.c.s.CarChargingSessionService - Retrieve summary request is received.
2021-06-08 14:47:16 [main] INFO  c.s.d.c.c.s.CarChargingSessionService - Summory of the charging session is calculated! 
2021-06-08 14:47:48 [http-nio-8082-exec-7] INFO  c.s.d.c.c.s.CarChargingSessionService - Add new charging entity request is received.
2021-06-08 14:47:48 [http-nio-8082-exec-7] INFO  c.s.d.c.c.s.CarChargingSessionService - New charging entity is saved with id: e533cef9-cae8-4cd5-914d-845c6d4454b7
2021-06-08 14:47:59 [http-nio-8082-exec-2] INFO  c.s.d.c.c.s.CarChargingSessionService - Add new charging entity request is received.
2021-06-08 14:47:59 [http-nio-8082-exec-2] INFO  c.s.d.c.c.s.CarChargingSessionService - New charging entity is saved with id: df8aa983-4f82-461e-ab30-46f86fa65a78
2021-06-08 14:48:02 [http-nio-8082-exec-6] INFO  c.s.d.c.c.s.CarChargingSessionService - Add new charging entity request is received.
2021-06-08 14:53:00 [main] INFO  c.s.d.CarChargingSessionApplication - Application is starting..
2021-06-08 14:53:01 [background-preinit] INFO  o.h.validator.internal.util.Version - HV000001: Hibernate Validator 6.2.0.Final
2021-06-08 14:53:01 [main] INFO  c.s.d.CarChargingSessionApplication - Starting CarChargingSessionApplication using Java 1.8.0_281 on Sertacs-MacBook-Pro.local with PID 46543 (/Users/sertacdemir/Desktop/code/workspace-spring-tool-suite/car-charging-session/target/classes started by sertacdemir in /Users/sertacdemir/Desktop/code/workspace-spring-tool-suite/car-charging-session)
2021-06-08 14:53:01 [main] INFO  c.s.d.CarChargingSessionApplication - No active profile set, falling back to default profiles: default
2021-06-08 14:53:03 [main] INFO  o.s.b.w.e.tomcat.TomcatWebServer - Tomcat initialized with port(s): 8082 (http)
2021-06-08 14:53:03 [main] INFO  o.a.coyote.http11.Http11NioProtocol - Initializing ProtocolHandler ["http-nio-8082"]
2021-06-08 14:53:03 [main] INFO  o.a.catalina.core.StandardService - Starting service [Tomcat]
2021-06-08 14:53:03 [main] INFO  o.a.catalina.core.StandardEngine - Starting Servlet engine: [Apache Tomcat/9.0.46]
2021-06-08 14:53:03 [main] INFO  o.a.c.c.C.[Tomcat].[localhost].[/] - Initializing Spring embedded WebApplicationContext
2021-06-08 14:53:03 [main] INFO  o.s.b.w.s.c.ServletWebServerApplicationContext - Root WebApplicationContext: initialization completed in 2051 ms
2021-06-08 14:53:05 [main] INFO  o.a.coyote.http11.Http11NioProtocol - Starting ProtocolHandler ["http-nio-8082"]
2021-06-08 14:53:05 [main] INFO  o.s.b.w.e.tomcat.TomcatWebServer - Tomcat started on port(s): 8082 (http) with context path ''
2021-06-08 14:53:05 [main] INFO  c.s.d.CarChargingSessionApplication - Started CarChargingSessionApplication in 4.788 seconds (JVM running for 5.486)
2021-06-08 14:53:05 [main] INFO  o.s.b.a.ApplicationAvailabilityBean - Application availability state LivenessState changed to CORRECT
2021-06-08 14:53:05 [main] INFO  o.s.b.a.ApplicationAvailabilityBean - Application availability state ReadinessState changed to ACCEPTING_TRAFFIC
2021-06-08 14:53:12 [http-nio-8082-exec-1] INFO  o.a.c.c.C.[Tomcat].[localhost].[/] - Initializing Spring DispatcherServlet 'dispatcherServlet'
2021-06-08 14:53:12 [http-nio-8082-exec-1] INFO  o.s.web.servlet.DispatcherServlet - Initializing Servlet 'dispatcherServlet'
2021-06-08 14:53:12 [http-nio-8082-exec-1] INFO  o.s.web.servlet.DispatcherServlet - Completed initialization in 2 ms
2021-06-08 14:53:12 [http-nio-8082-exec-1] INFO  c.s.d.c.c.s.CarChargingSessionService - Add new charging entity request is received.
2021-06-08 14:53:12 [http-nio-8082-exec-1] INFO  c.s.d.c.c.s.CarChargingSessionService - New charging entity is saved with id: e1e86ca0-3ede-4f4a-b2c6-6eb915c8598e
2021-06-08 14:53:34 [http-nio-8082-exec-3] INFO  c.s.d.c.c.s.CarChargingSessionService - Add new charging entity request is received.
2021-06-08 14:53:34 [http-nio-8082-exec-3] INFO  c.s.d.c.c.s.CarChargingSessionService - New charging entity is saved with id: 014013d8-c274-4fe5-872a-153732c3ee5d
2021-06-08 15:03:41 [main] INFO  c.s.d.CarChargingSessionApplication - Application is starting..
2021-06-08 15:03:42 [background-preinit] INFO  o.h.validator.internal.util.Version - HV000001: Hibernate Validator 6.2.0.Final
2021-06-08 15:03:42 [main] INFO  c.s.d.CarChargingSessionApplication - Starting CarChargingSessionApplication using Java 1.8.0_281 on Sertacs-MacBook-Pro.local with PID 46640 (/Users/sertacdemir/Desktop/code/workspace-spring-tool-suite/car-charging-session/target/classes started by sertacdemir in /Users/sertacdemir/Desktop/code/workspace-spring-tool-suite/car-charging-session)
2021-06-08 15:03:42 [main] INFO  c.s.d.CarChargingSessionApplication - No active profile set, falling back to default profiles: default
2021-06-08 15:03:44 [main] INFO  o.s.b.w.e.tomcat.TomcatWebServer - Tomcat initialized with port(s): 8082 (http)
2021-06-08 15:03:45 [main] INFO  o.a.coyote.http11.Http11NioProtocol - Initializing ProtocolHandler ["http-nio-8082"]
2021-06-08 15:03:45 [main] INFO  o.a.catalina.core.StandardService - Starting service [Tomcat]
2021-06-08 15:03:45 [main] INFO  o.a.catalina.core.StandardEngine - Starting Servlet engine: [Apache Tomcat/9.0.46]
2021-06-08 15:03:45 [main] INFO  o.a.c.c.C.[Tomcat].[localhost].[/] - Initializing Spring embedded WebApplicationContext
2021-06-08 15:03:45 [main] INFO  o.s.b.w.s.c.ServletWebServerApplicationContext - Root WebApplicationContext: initialization completed in 2051 ms
2021-06-08 15:03:47 [main] INFO  o.a.coyote.http11.Http11NioProtocol - Starting ProtocolHandler ["http-nio-8082"]
2021-06-08 15:03:47 [main] INFO  o.s.b.w.e.tomcat.TomcatWebServer - Tomcat started on port(s): 8082 (http) with context path ''
2021-06-08 15:03:47 [main] INFO  c.s.d.CarChargingSessionApplication - Started CarChargingSessionApplication in 4.954 seconds (JVM running for 5.681)
2021-06-08 15:03:47 [main] INFO  o.s.b.a.ApplicationAvailabilityBean - Application availability state LivenessState changed to CORRECT
2021-06-08 15:03:47 [main] INFO  o.s.b.a.ApplicationAvailabilityBean - Application availability state ReadinessState changed to ACCEPTING_TRAFFIC
2021-06-08 15:03:51 [http-nio-8082-exec-9] INFO  o.a.c.c.C.[Tomcat].[localhost].[/] - Initializing Spring DispatcherServlet 'dispatcherServlet'
2021-06-08 15:03:51 [http-nio-8082-exec-9] INFO  o.s.web.servlet.DispatcherServlet - Initializing Servlet 'dispatcherServlet'
2021-06-08 15:03:51 [http-nio-8082-exec-9] INFO  o.s.web.servlet.DispatcherServlet - Completed initialization in 5 ms
2021-06-08 15:03:51 [http-nio-8082-exec-9] INFO  c.s.d.c.c.s.CarChargingSessionService - Get all charging entitties request is received.
2021-06-08 15:04:09 [http-nio-8082-exec-6] INFO  c.s.d.c.c.s.CarChargingSessionService - Add new charging entity request is received.
2021-06-08 15:04:09 [http-nio-8082-exec-6] INFO  c.s.d.c.c.s.CarChargingSessionService - New charging entity is saved with id: 6c88cfba-5b92-459c-a3d2-6ab3dd01707d
2021-06-08 15:04:10 [http-nio-8082-exec-8] INFO  c.s.d.c.c.s.CarChargingSessionService - Add new charging entity request is received.
2021-06-08 15:04:10 [http-nio-8082-exec-8] INFO  c.s.d.c.c.s.CarChargingSessionService - New charging entity is saved with id: 77b874c4-6b63-4871-a142-2cea6720b376
2021-06-08 15:04:11 [http-nio-8082-exec-1] INFO  c.s.d.c.c.s.CarChargingSessionService - Add new charging entity request is received.
2021-06-08 15:04:11 [http-nio-8082-exec-1] INFO  c.s.d.c.c.s.CarChargingSessionService - New charging entity is saved with id: 4610454e-2644-48b7-8055-1f629f5ec480
2021-06-08 15:04:13 [http-nio-8082-exec-2] INFO  c.s.d.c.c.s.CarChargingSessionService - Stop charging entity request is received.
2021-06-08 15:04:13 [http-nio-8082-exec-2] INFO  c.s.d.c.c.s.CarChargingSessionService - No charging station is found with id: 1b3d7215-67ce-4742-8535-030f086b5156
2021-06-08 15:04:13 [http-nio-8082-exec-2] WARN  o.s.w.s.m.m.a.ExceptionHandlerExceptionResolver - Failure in @ExceptionHandler com.sdemir.demo.car.charging.session.exception.GlobalExceptionHandler#resourceNotFound(ResourceNotFoundException, HttpHeaders)
java.lang.IllegalStateException: Could not resolve parameter [1] in public org.springframework.http.ResponseEntity<java.lang.Object> com.sdemir.demo.car.charging.session.exception.GlobalExceptionHandler.resourceNotFound(com.sdemir.demo.car.charging.session.exception.ResourceNotFoundException,org.springframework.http.HttpHeaders): No suitable resolver
	at org.springframework.web.method.support.InvocableHandlerMethod.getMethodArgumentValues(InvocableHandlerMethod.java:167)
	at org.springframework.web.method.support.InvocableHandlerMethod.invokeForRequest(InvocableHandlerMethod.java:137)
	at org.springframework.web.servlet.mvc.method.annotation.ServletInvocableHandlerMethod.invokeAndHandle(ServletInvocableHandlerMethod.java:106)
	at org.springframework.web.servlet.mvc.method.annotation.ExceptionHandlerExceptionResolver.doResolveHandlerMethodException(ExceptionHandlerExceptionResolver.java:428)
	at org.springframework.web.servlet.handler.AbstractHandlerMethodExceptionResolver.doResolveException(AbstractHandlerMethodExceptionResolver.java:75)
	at org.springframework.web.servlet.handler.AbstractHandlerExceptionResolver.resolveException(AbstractHandlerExceptionResolver.java:141)
	at org.springframework.web.servlet.handler.HandlerExceptionResolverComposite.resolveException(HandlerExceptionResolverComposite.java:80)
	at org.springframework.web.servlet.DispatcherServlet.processHandlerException(DispatcherServlet.java:1323)
	at org.springframework.web.servlet.DispatcherServlet.processDispatchResult(DispatcherServlet.java:1134)
	at org.springframework.web.servlet.DispatcherServlet.doDispatch(DispatcherServlet.java:1080)
	at org.springframework.web.servlet.DispatcherServlet.doService(DispatcherServlet.java:963)
	at org.springframework.web.servlet.FrameworkServlet.processRequest(FrameworkServlet.java:1006)
	at org.springframework.web.servlet.FrameworkServlet.doPut(FrameworkServlet.java:920)
	at javax.servlet.http.HttpServlet.service(HttpServlet.java:655)
	at org.springframework.web.servlet.FrameworkServlet.service(FrameworkServlet.java:883)
	at javax.servlet.http.HttpServlet.service(HttpServlet.java:733)
	at org.apache.catalina.core.ApplicationFilterChain.internalDoFilter(ApplicationFilterChain.java:227)
	at org.apache.catalina.core.ApplicationFilterChain.doFilter(ApplicationFilterChain.java:162)
	at org.apache.tomcat.websocket.server.WsFilter.doFilter(WsFilter.java:53)
	at org.apache.catalina.core.ApplicationFilterChain.internalDoFilter(ApplicationFilterChain.java:189)
	at org.apache.catalina.core.ApplicationFilterChain.doFilter(ApplicationFilterChain.java:162)
	at org.springframework.web.filter.RequestContextFilter.doFilterInternal(RequestContextFilter.java:100)
	at org.springframework.web.filter.OncePerRequestFilter.doFilter(OncePerRequestFilter.java:119)
	at org.apache.catalina.core.ApplicationFilterChain.internalDoFilter(ApplicationFilterChain.java:189)
	at org.apache.catalina.core.ApplicationFilterChain.doFilter(ApplicationFilterChain.java:162)
	at org.springframework.web.filter.FormContentFilter.doFilterInternal(FormContentFilter.java:93)
	at org.springframework.web.filter.OncePerRequestFilter.doFilter(OncePerRequestFilter.java:119)
	at org.apache.catalina.core.ApplicationFilterChain.internalDoFilter(ApplicationFilterChain.java:189)
	at org.apache.catalina.core.ApplicationFilterChain.doFilter(ApplicationFilterChain.java:162)
	at org.springframework.web.filter.CharacterEncodingFilter.doFilterInternal(CharacterEncodingFilter.java:201)
	at org.springframework.web.filter.OncePerRequestFilter.doFilter(OncePerRequestFilter.java:119)
	at org.apache.catalina.core.ApplicationFilterChain.internalDoFilter(ApplicationFilterChain.java:189)
	at org.apache.catalina.core.ApplicationFilterChain.doFilter(ApplicationFilterChain.java:162)
	at org.apache.catalina.core.StandardWrapperValve.invoke(StandardWrapperValve.java:202)
	at org.apache.catalina.core.StandardContextValve.invoke(StandardContextValve.java:97)
	at org.apache.catalina.authenticator.AuthenticatorBase.invoke(AuthenticatorBase.java:542)
	at org.apache.catalina.core.StandardHostValve.invoke(StandardHostValve.java:143)
	at org.apache.catalina.valves.ErrorReportValve.invoke(ErrorReportValve.java:92)
	at org.apache.catalina.core.StandardEngineValve.invoke(StandardEngineValve.java:78)
	at org.apache.catalina.connector.CoyoteAdapter.service(CoyoteAdapter.java:357)
	at org.apache.coyote.http11.Http11Processor.service(Http11Processor.java:374)
	at org.apache.coyote.AbstractProcessorLight.process(AbstractProcessorLight.java:65)
	at org.apache.coyote.AbstractProtocol$ConnectionHandler.process(AbstractProtocol.java:893)
	at org.apache.tomcat.util.net.NioEndpoint$SocketProcessor.doRun(NioEndpoint.java:1707)
	at org.apache.tomcat.util.net.SocketProcessorBase.run(SocketProcessorBase.java:49)
	at java.util.concurrent.ThreadPoolExecutor.runWorker(ThreadPoolExecutor.java:1149)
	at java.util.concurrent.ThreadPoolExecutor$Worker.run(ThreadPoolExecutor.java:624)
	at org.apache.tomcat.util.threads.TaskThread$WrappingRunnable.run(TaskThread.java:61)
	at java.lang.Thread.run(Thread.java:748)
2021-06-08 15:04:13 [http-nio-8082-exec-2] ERROR o.a.c.c.C.[.[.[.[dispatcherServlet] - Servlet.service() for servlet [dispatcherServlet] in context with path [] threw exception [Request processing failed; nested exception is com.sdemir.demo.car.charging.session.exception.ResourceNotFoundException: Requested resource is not found with id: 1b3d7215-67ce-4742-8535-030f086b5156] with root cause
com.sdemir.demo.car.charging.session.exception.ResourceNotFoundException: Requested resource is not found with id: 1b3d7215-67ce-4742-8535-030f086b5156
	at com.sdemir.demo.car.charging.session.CarChargingSessionService.stopChargingSession(CarChargingSessionService.java:81)
	at com.sdemir.demo.car.charging.session.CarChargingSessionController.stopChargingSession(CarChargingSessionController.java:68)
	at sun.reflect.NativeMethodAccessorImpl.invoke0(Native Method)
	at sun.reflect.NativeMethodAccessorImpl.invoke(NativeMethodAccessorImpl.java:62)
	at sun.reflect.DelegatingMethodAccessorImpl.invoke(DelegatingMethodAccessorImpl.java:43)
	at java.lang.reflect.Method.invoke(Method.java:498)
	at org.springframework.web.method.support.InvocableHandlerMethod.doInvoke(InvocableHandlerMethod.java:197)
	at org.springframework.web.method.support.InvocableHandlerMethod.invokeForRequest(InvocableHandlerMethod.java:141)
	at org.springframework.web.servlet.mvc.method.annotation.ServletInvocableHandlerMethod.invokeAndHandle(ServletInvocableHandlerMethod.java:106)
	at org.springframework.web.servlet.mvc.method.annotation.RequestMappingHandlerAdapter.invokeHandlerMethod(RequestMappingHandlerAdapter.java:894)
	at org.springframework.web.servlet.mvc.method.annotation.RequestMappingHandlerAdapter.handleInternal(RequestMappingHandlerAdapter.java:808)
	at org.springframework.web.servlet.mvc.method.AbstractHandlerMethodAdapter.handle(AbstractHandlerMethodAdapter.java:87)
	at org.springframework.web.servlet.DispatcherServlet.doDispatch(DispatcherServlet.java:1063)
	at org.springframework.web.servlet.DispatcherServlet.doService(DispatcherServlet.java:963)
	at org.springframework.web.servlet.FrameworkServlet.processRequest(FrameworkServlet.java:1006)
	at org.springframework.web.servlet.FrameworkServlet.doPut(FrameworkServlet.java:920)
	at javax.servlet.http.HttpServlet.service(HttpServlet.java:655)
	at org.springframework.web.servlet.FrameworkServlet.service(FrameworkServlet.java:883)
	at javax.servlet.http.HttpServlet.service(HttpServlet.java:733)
	at org.apache.catalina.core.ApplicationFilterChain.internalDoFilter(ApplicationFilterChain.java:227)
	at org.apache.catalina.core.ApplicationFilterChain.doFilter(ApplicationFilterChain.java:162)
	at org.apache.tomcat.websocket.server.WsFilter.doFilter(WsFilter.java:53)
	at org.apache.catalina.core.ApplicationFilterChain.internalDoFilter(ApplicationFilterChain.java:189)
	at org.apache.catalina.core.ApplicationFilterChain.doFilter(ApplicationFilterChain.java:162)
	at org.springframework.web.filter.RequestContextFilter.doFilterInternal(RequestContextFilter.java:100)
	at org.springframework.web.filter.OncePerRequestFilter.doFilter(OncePerRequestFilter.java:119)
	at org.apache.catalina.core.ApplicationFilterChain.internalDoFilter(ApplicationFilterChain.java:189)
	at org.apache.catalina.core.ApplicationFilterChain.doFilter(ApplicationFilterChain.java:162)
	at org.springframework.web.filter.FormContentFilter.doFilterInternal(FormContentFilter.java:93)
	at org.springframework.web.filter.OncePerRequestFilter.doFilter(OncePerRequestFilter.java:119)
	at org.apache.catalina.core.ApplicationFilterChain.internalDoFilter(ApplicationFilterChain.java:189)
	at org.apache.catalina.core.ApplicationFilterChain.doFilter(ApplicationFilterChain.java:162)
	at org.springframework.web.filter.CharacterEncodingFilter.doFilterInternal(CharacterEncodingFilter.java:201)
	at org.springframework.web.filter.OncePerRequestFilter.doFilter(OncePerRequestFilter.java:119)
	at org.apache.catalina.core.ApplicationFilterChain.internalDoFilter(ApplicationFilterChain.java:189)
	at org.apache.catalina.core.ApplicationFilterChain.doFilter(ApplicationFilterChain.java:162)
	at org.apache.catalina.core.StandardWrapperValve.invoke(StandardWrapperValve.java:202)
	at org.apache.catalina.core.StandardContextValve.invoke(StandardContextValve.java:97)
	at org.apache.catalina.authenticator.AuthenticatorBase.invoke(AuthenticatorBase.java:542)
	at org.apache.catalina.core.StandardHostValve.invoke(StandardHostValve.java:143)
	at org.apache.catalina.valves.ErrorReportValve.invoke(ErrorReportValve.java:92)
	at org.apache.catalina.core.StandardEngineValve.invoke(StandardEngineValve.java:78)
	at org.apache.catalina.connector.CoyoteAdapter.service(CoyoteAdapter.java:357)
	at org.apache.coyote.http11.Http11Processor.service(Http11Processor.java:374)
	at org.apache.coyote.AbstractProcessorLight.process(AbstractProcessorLight.java:65)
	at org.apache.coyote.AbstractProtocol$ConnectionHandler.process(AbstractProtocol.java:893)
	at org.apache.tomcat.util.net.NioEndpoint$SocketProcessor.doRun(NioEndpoint.java:1707)
	at org.apache.tomcat.util.net.SocketProcessorBase.run(SocketProcessorBase.java:49)
	at java.util.concurrent.ThreadPoolExecutor.runWorker(ThreadPoolExecutor.java:1149)
	at java.util.concurrent.ThreadPoolExecutor$Worker.run(ThreadPoolExecutor.java:624)
	at org.apache.tomcat.util.threads.TaskThread$WrappingRunnable.run(TaskThread.java:61)
	at java.lang.Thread.run(Thread.java:748)
2021-06-08 15:06:11 [main] INFO  c.s.d.CarChargingSessionApplication - Application is starting..
2021-06-08 15:06:12 [background-preinit] INFO  o.h.validator.internal.util.Version - HV000001: Hibernate Validator 6.2.0.Final
2021-06-08 15:06:12 [main] INFO  c.s.d.CarChargingSessionApplication - Starting CarChargingSessionApplication using Java 1.8.0_281 on Sertacs-MacBook-Pro.local with PID 46660 (/Users/sertacdemir/Desktop/code/workspace-spring-tool-suite/car-charging-session/target/classes started by sertacdemir in /Users/sertacdemir/Desktop/code/workspace-spring-tool-suite/car-charging-session)
2021-06-08 15:06:12 [main] INFO  c.s.d.CarChargingSessionApplication - No active profile set, falling back to default profiles: default
2021-06-08 15:06:14 [main] INFO  o.s.b.w.e.tomcat.TomcatWebServer - Tomcat initialized with port(s): 8082 (http)
2021-06-08 15:06:14 [main] INFO  o.a.coyote.http11.Http11NioProtocol - Initializing ProtocolHandler ["http-nio-8082"]
2021-06-08 15:06:14 [main] INFO  o.a.catalina.core.StandardService - Starting service [Tomcat]
2021-06-08 15:06:14 [main] INFO  o.a.catalina.core.StandardEngine - Starting Servlet engine: [Apache Tomcat/9.0.46]
2021-06-08 15:06:14 [main] INFO  o.a.c.c.C.[Tomcat].[localhost].[/] - Initializing Spring embedded WebApplicationContext
2021-06-08 15:06:14 [main] INFO  o.s.b.w.s.c.ServletWebServerApplicationContext - Root WebApplicationContext: initialization completed in 1927 ms
2021-06-08 15:06:16 [main] INFO  o.a.coyote.http11.Http11NioProtocol - Starting ProtocolHandler ["http-nio-8082"]
2021-06-08 15:06:16 [main] INFO  o.s.b.w.e.tomcat.TomcatWebServer - Tomcat started on port(s): 8082 (http) with context path ''
2021-06-08 15:06:16 [main] INFO  c.s.d.CarChargingSessionApplication - Started CarChargingSessionApplication in 4.95 seconds (JVM running for 5.623)
2021-06-08 15:06:16 [main] INFO  o.s.b.a.ApplicationAvailabilityBean - Application availability state LivenessState changed to CORRECT
2021-06-08 15:06:16 [main] INFO  o.s.b.a.ApplicationAvailabilityBean - Application availability state ReadinessState changed to ACCEPTING_TRAFFIC
2021-06-08 15:06:23 [http-nio-8082-exec-1] INFO  o.a.c.c.C.[Tomcat].[localhost].[/] - Initializing Spring DispatcherServlet 'dispatcherServlet'
2021-06-08 15:06:23 [http-nio-8082-exec-1] INFO  o.s.web.servlet.DispatcherServlet - Initializing Servlet 'dispatcherServlet'
2021-06-08 15:06:23 [http-nio-8082-exec-1] INFO  o.s.web.servlet.DispatcherServlet - Completed initialization in 4 ms
2021-06-08 15:06:23 [http-nio-8082-exec-1] INFO  c.s.d.c.c.s.CarChargingSessionService - Stop charging entity request is received.
2021-06-08 15:06:23 [http-nio-8082-exec-1] INFO  c.s.d.c.c.s.CarChargingSessionService - No charging station is found with id: 1b3d7215-67ce-4742-8535-030f086b5156
2021-06-08 15:06:23 [http-nio-8082-exec-1] WARN  o.s.w.s.m.m.a.ExceptionHandlerExceptionResolver - Failure in @ExceptionHandler com.sdemir.demo.car.charging.session.exception.GlobalExceptionHandler#resourceNotFound(ResourceNotFoundException, HttpHeaders)
java.lang.IllegalStateException: Could not resolve parameter [1] in public org.springframework.http.ResponseEntity<java.lang.Object> com.sdemir.demo.car.charging.session.exception.GlobalExceptionHandler.resourceNotFound(com.sdemir.demo.car.charging.session.exception.ResourceNotFoundException,org.springframework.http.HttpHeaders): No suitable resolver
	at org.springframework.web.method.support.InvocableHandlerMethod.getMethodArgumentValues(InvocableHandlerMethod.java:167)
	at org.springframework.web.method.support.InvocableHandlerMethod.invokeForRequest(InvocableHandlerMethod.java:137)
	at org.springframework.web.servlet.mvc.method.annotation.ServletInvocableHandlerMethod.invokeAndHandle(ServletInvocableHandlerMethod.java:106)
	at org.springframework.web.servlet.mvc.method.annotation.ExceptionHandlerExceptionResolver.doResolveHandlerMethodException(ExceptionHandlerExceptionResolver.java:428)
	at org.springframework.web.servlet.handler.AbstractHandlerMethodExceptionResolver.doResolveException(AbstractHandlerMethodExceptionResolver.java:75)
	at org.springframework.web.servlet.handler.AbstractHandlerExceptionResolver.resolveException(AbstractHandlerExceptionResolver.java:141)
	at org.springframework.web.servlet.handler.HandlerExceptionResolverComposite.resolveException(HandlerExceptionResolverComposite.java:80)
	at org.springframework.web.servlet.DispatcherServlet.processHandlerException(DispatcherServlet.java:1323)
	at org.springframework.web.servlet.DispatcherServlet.processDispatchResult(DispatcherServlet.java:1134)
	at org.springframework.web.servlet.DispatcherServlet.doDispatch(DispatcherServlet.java:1080)
	at org.springframework.web.servlet.DispatcherServlet.doService(DispatcherServlet.java:963)
	at org.springframework.web.servlet.FrameworkServlet.processRequest(FrameworkServlet.java:1006)
	at org.springframework.web.servlet.FrameworkServlet.doPut(FrameworkServlet.java:920)
	at javax.servlet.http.HttpServlet.service(HttpServlet.java:655)
	at org.springframework.web.servlet.FrameworkServlet.service(FrameworkServlet.java:883)
	at javax.servlet.http.HttpServlet.service(HttpServlet.java:733)
	at org.apache.catalina.core.ApplicationFilterChain.internalDoFilter(ApplicationFilterChain.java:227)
	at org.apache.catalina.core.ApplicationFilterChain.doFilter(ApplicationFilterChain.java:162)
	at org.apache.tomcat.websocket.server.WsFilter.doFilter(WsFilter.java:53)
	at org.apache.catalina.core.ApplicationFilterChain.internalDoFilter(ApplicationFilterChain.java:189)
	at org.apache.catalina.core.ApplicationFilterChain.doFilter(ApplicationFilterChain.java:162)
	at org.springframework.web.filter.RequestContextFilter.doFilterInternal(RequestContextFilter.java:100)
	at org.springframework.web.filter.OncePerRequestFilter.doFilter(OncePerRequestFilter.java:119)
	at org.apache.catalina.core.ApplicationFilterChain.internalDoFilter(ApplicationFilterChain.java:189)
	at org.apache.catalina.core.ApplicationFilterChain.doFilter(ApplicationFilterChain.java:162)
	at org.springframework.web.filter.FormContentFilter.doFilterInternal(FormContentFilter.java:93)
	at org.springframework.web.filter.OncePerRequestFilter.doFilter(OncePerRequestFilter.java:119)
	at org.apache.catalina.core.ApplicationFilterChain.internalDoFilter(ApplicationFilterChain.java:189)
	at org.apache.catalina.core.ApplicationFilterChain.doFilter(ApplicationFilterChain.java:162)
	at org.springframework.web.filter.CharacterEncodingFilter.doFilterInternal(CharacterEncodingFilter.java:201)
	at org.springframework.web.filter.OncePerRequestFilter.doFilter(OncePerRequestFilter.java:119)
	at org.apache.catalina.core.ApplicationFilterChain.internalDoFilter(ApplicationFilterChain.java:189)
	at org.apache.catalina.core.ApplicationFilterChain.doFilter(ApplicationFilterChain.java:162)
	at org.apache.catalina.core.StandardWrapperValve.invoke(StandardWrapperValve.java:202)
	at org.apache.catalina.core.StandardContextValve.invoke(StandardContextValve.java:97)
	at org.apache.catalina.authenticator.AuthenticatorBase.invoke(AuthenticatorBase.java:542)
	at org.apache.catalina.core.StandardHostValve.invoke(StandardHostValve.java:143)
	at org.apache.catalina.valves.ErrorReportValve.invoke(ErrorReportValve.java:92)
	at org.apache.catalina.core.StandardEngineValve.invoke(StandardEngineValve.java:78)
	at org.apache.catalina.connector.CoyoteAdapter.service(CoyoteAdapter.java:357)
	at org.apache.coyote.http11.Http11Processor.service(Http11Processor.java:374)
	at org.apache.coyote.AbstractProcessorLight.process(AbstractProcessorLight.java:65)
	at org.apache.coyote.AbstractProtocol$ConnectionHandler.process(AbstractProtocol.java:893)
	at org.apache.tomcat.util.net.NioEndpoint$SocketProcessor.doRun(NioEndpoint.java:1707)
	at org.apache.tomcat.util.net.SocketProcessorBase.run(SocketProcessorBase.java:49)
	at java.util.concurrent.ThreadPoolExecutor.runWorker(ThreadPoolExecutor.java:1149)
	at java.util.concurrent.ThreadPoolExecutor$Worker.run(ThreadPoolExecutor.java:624)
	at org.apache.tomcat.util.threads.TaskThread$WrappingRunnable.run(TaskThread.java:61)
	at java.lang.Thread.run(Thread.java:748)
2021-06-08 15:06:23 [http-nio-8082-exec-1] ERROR o.a.c.c.C.[.[.[.[dispatcherServlet] - Servlet.service() for servlet [dispatcherServlet] in context with path [] threw exception [Request processing failed; nested exception is com.sdemir.demo.car.charging.session.exception.ResourceNotFoundException: Requested resource is not found with id: 1b3d7215-67ce-4742-8535-030f086b5156] with root cause
com.sdemir.demo.car.charging.session.exception.ResourceNotFoundException: Requested resource is not found with id: 1b3d7215-67ce-4742-8535-030f086b5156
	at com.sdemir.demo.car.charging.session.CarChargingSessionService.stopChargingSession(CarChargingSessionService.java:81)
	at com.sdemir.demo.car.charging.session.CarChargingSessionController.stopChargingSession(CarChargingSessionController.java:68)
	at sun.reflect.NativeMethodAccessorImpl.invoke0(Native Method)
	at sun.reflect.NativeMethodAccessorImpl.invoke(NativeMethodAccessorImpl.java:62)
	at sun.reflect.DelegatingMethodAccessorImpl.invoke(DelegatingMethodAccessorImpl.java:43)
	at java.lang.reflect.Method.invoke(Method.java:498)
	at org.springframework.web.method.support.InvocableHandlerMethod.doInvoke(InvocableHandlerMethod.java:197)
	at org.springframework.web.method.support.InvocableHandlerMethod.invokeForRequest(InvocableHandlerMethod.java:141)
	at org.springframework.web.servlet.mvc.method.annotation.ServletInvocableHandlerMethod.invokeAndHandle(ServletInvocableHandlerMethod.java:106)
	at org.springframework.web.servlet.mvc.method.annotation.RequestMappingHandlerAdapter.invokeHandlerMethod(RequestMappingHandlerAdapter.java:894)
	at org.springframework.web.servlet.mvc.method.annotation.RequestMappingHandlerAdapter.handleInternal(RequestMappingHandlerAdapter.java:808)
	at org.springframework.web.servlet.mvc.method.AbstractHandlerMethodAdapter.handle(AbstractHandlerMethodAdapter.java:87)
	at org.springframework.web.servlet.DispatcherServlet.doDispatch(DispatcherServlet.java:1063)
	at org.springframework.web.servlet.DispatcherServlet.doService(DispatcherServlet.java:963)
	at org.springframework.web.servlet.FrameworkServlet.processRequest(FrameworkServlet.java:1006)
	at org.springframework.web.servlet.FrameworkServlet.doPut(FrameworkServlet.java:920)
	at javax.servlet.http.HttpServlet.service(HttpServlet.java:655)
	at org.springframework.web.servlet.FrameworkServlet.service(FrameworkServlet.java:883)
	at javax.servlet.http.HttpServlet.service(HttpServlet.java:733)
	at org.apache.catalina.core.ApplicationFilterChain.internalDoFilter(ApplicationFilterChain.java:227)
	at org.apache.catalina.core.ApplicationFilterChain.doFilter(ApplicationFilterChain.java:162)
	at org.apache.tomcat.websocket.server.WsFilter.doFilter(WsFilter.java:53)
	at org.apache.catalina.core.ApplicationFilterChain.internalDoFilter(ApplicationFilterChain.java:189)
	at org.apache.catalina.core.ApplicationFilterChain.doFilter(ApplicationFilterChain.java:162)
	at org.springframework.web.filter.RequestContextFilter.doFilterInternal(RequestContextFilter.java:100)
	at org.springframework.web.filter.OncePerRequestFilter.doFilter(OncePerRequestFilter.java:119)
	at org.apache.catalina.core.ApplicationFilterChain.internalDoFilter(ApplicationFilterChain.java:189)
	at org.apache.catalina.core.ApplicationFilterChain.doFilter(ApplicationFilterChain.java:162)
	at org.springframework.web.filter.FormContentFilter.doFilterInternal(FormContentFilter.java:93)
	at org.springframework.web.filter.OncePerRequestFilter.doFilter(OncePerRequestFilter.java:119)
	at org.apache.catalina.core.ApplicationFilterChain.internalDoFilter(ApplicationFilterChain.java:189)
	at org.apache.catalina.core.ApplicationFilterChain.doFilter(ApplicationFilterChain.java:162)
	at org.springframework.web.filter.CharacterEncodingFilter.doFilterInternal(CharacterEncodingFilter.java:201)
	at org.springframework.web.filter.OncePerRequestFilter.doFilter(OncePerRequestFilter.java:119)
	at org.apache.catalina.core.ApplicationFilterChain.internalDoFilter(ApplicationFilterChain.java:189)
	at org.apache.catalina.core.ApplicationFilterChain.doFilter(ApplicationFilterChain.java:162)
	at org.apache.catalina.core.StandardWrapperValve.invoke(StandardWrapperValve.java:202)
	at org.apache.catalina.core.StandardContextValve.invoke(StandardContextValve.java:97)
	at org.apache.catalina.authenticator.AuthenticatorBase.invoke(AuthenticatorBase.java:542)
	at org.apache.catalina.core.StandardHostValve.invoke(StandardHostValve.java:143)
	at org.apache.catalina.valves.ErrorReportValve.invoke(ErrorReportValve.java:92)
	at org.apache.catalina.core.StandardEngineValve.invoke(StandardEngineValve.java:78)
	at org.apache.catalina.connector.CoyoteAdapter.service(CoyoteAdapter.java:357)
	at org.apache.coyote.http11.Http11Processor.service(Http11Processor.java:374)
	at org.apache.coyote.AbstractProcessorLight.process(AbstractProcessorLight.java:65)
	at org.apache.coyote.AbstractProtocol$ConnectionHandler.process(AbstractProtocol.java:893)
	at org.apache.tomcat.util.net.NioEndpoint$SocketProcessor.doRun(NioEndpoint.java:1707)
	at org.apache.tomcat.util.net.SocketProcessorBase.run(SocketProcessorBase.java:49)
	at java.util.concurrent.ThreadPoolExecutor.runWorker(ThreadPoolExecutor.java:1149)
	at java.util.concurrent.ThreadPoolExecutor$Worker.run(ThreadPoolExecutor.java:624)
	at org.apache.tomcat.util.threads.TaskThread$WrappingRunnable.run(TaskThread.java:61)
	at java.lang.Thread.run(Thread.java:748)
2021-06-08 15:08:51 [main] INFO  c.s.d.CarChargingSessionApplication - Application is starting..
2021-06-08 15:08:52 [background-preinit] INFO  o.h.validator.internal.util.Version - HV000001: Hibernate Validator 6.2.0.Final
2021-06-08 15:08:52 [main] INFO  c.s.d.CarChargingSessionApplication - Starting CarChargingSessionApplication using Java 1.8.0_281 on Sertacs-MacBook-Pro.local with PID 46690 (/Users/sertacdemir/Desktop/code/workspace-spring-tool-suite/car-charging-session/target/classes started by sertacdemir in /Users/sertacdemir/Desktop/code/workspace-spring-tool-suite/car-charging-session)
2021-06-08 15:08:52 [main] INFO  c.s.d.CarChargingSessionApplication - No active profile set, falling back to default profiles: default
2021-06-08 15:08:54 [main] INFO  o.s.b.w.e.tomcat.TomcatWebServer - Tomcat initialized with port(s): 8082 (http)
2021-06-08 15:08:54 [main] INFO  o.a.coyote.http11.Http11NioProtocol - Initializing ProtocolHandler ["http-nio-8082"]
2021-06-08 15:08:54 [main] INFO  o.a.catalina.core.StandardService - Starting service [Tomcat]
2021-06-08 15:08:54 [main] INFO  o.a.catalina.core.StandardEngine - Starting Servlet engine: [Apache Tomcat/9.0.46]
2021-06-08 15:08:54 [main] INFO  o.a.c.c.C.[Tomcat].[localhost].[/] - Initializing Spring embedded WebApplicationContext
2021-06-08 15:08:54 [main] INFO  o.s.b.w.s.c.ServletWebServerApplicationContext - Root WebApplicationContext: initialization completed in 1807 ms
2021-06-08 15:08:56 [main] INFO  o.a.coyote.http11.Http11NioProtocol - Starting ProtocolHandler ["http-nio-8082"]
2021-06-08 15:08:56 [main] INFO  o.s.b.w.e.tomcat.TomcatWebServer - Tomcat started on port(s): 8082 (http) with context path ''
2021-06-08 15:08:56 [main] INFO  c.s.d.CarChargingSessionApplication - Started CarChargingSessionApplication in 4.754 seconds (JVM running for 5.442)
2021-06-08 15:08:56 [main] INFO  o.s.b.a.ApplicationAvailabilityBean - Application availability state LivenessState changed to CORRECT
2021-06-08 15:08:56 [main] INFO  o.s.b.a.ApplicationAvailabilityBean - Application availability state ReadinessState changed to ACCEPTING_TRAFFIC
2021-06-08 15:09:03 [http-nio-8082-exec-4] INFO  o.a.c.c.C.[Tomcat].[localhost].[/] - Initializing Spring DispatcherServlet 'dispatcherServlet'
2021-06-08 15:09:03 [http-nio-8082-exec-4] INFO  o.s.web.servlet.DispatcherServlet - Initializing Servlet 'dispatcherServlet'
2021-06-08 15:09:03 [http-nio-8082-exec-4] INFO  o.s.web.servlet.DispatcherServlet - Completed initialization in 4 ms
2021-06-08 15:09:03 [http-nio-8082-exec-4] INFO  c.s.d.c.c.s.CarChargingSessionService - Stop charging entity request is received.
2021-06-08 15:09:03 [http-nio-8082-exec-4] INFO  c.s.d.c.c.s.CarChargingSessionService - No charging station is found with id: 1b3d7215-67ce-4742-8535-030f086b5156
2021-06-08 15:09:12 [http-nio-8082-exec-3] INFO  c.s.d.c.c.s.CarChargingSessionService - Add new charging entity request is received.
2021-06-08 15:09:12 [http-nio-8082-exec-3] INFO  c.s.d.c.c.s.CarChargingSessionService - New charging entity is saved with id: 2863e5f1-424f-4ed3-864a-3459efe4cbdc
2021-06-08 15:09:23 [http-nio-8082-exec-2] INFO  c.s.d.c.c.s.CarChargingSessionService - Add new charging entity request is received.
2021-06-08 15:09:23 [http-nio-8082-exec-2] INFO  c.s.d.c.c.s.CarChargingSessionService - New charging entity is saved with id: 15433285-e5c0-4031-ae12-46ca68343d9c
2021-06-08 15:09:38 [http-nio-8082-exec-1] INFO  c.s.d.c.c.s.CarChargingSessionService - Add new charging entity request is received.
2021-06-08 15:09:38 [http-nio-8082-exec-1] INFO  c.s.d.c.c.s.CarChargingSessionService - New charging entity is saved with id: 4ca0d84b-52cd-4aa0-94b7-ca4b5a499e78
2021-06-08 15:09:52 [http-nio-8082-exec-4] INFO  c.s.d.c.c.s.CarChargingSessionService - Stop charging entity request is received.
2021-06-08 15:09:52 [http-nio-8082-exec-4] INFO  c.s.d.c.c.s.CarChargingSessionService - Charging entity with id: 4ca0d84b-52cd-4aa0-94b7-ca4b5a499e78 is stopped successfully!
2021-06-08 15:09:54 [http-nio-8082-exec-3] INFO  c.s.d.c.c.s.CarChargingSessionService - Stop charging entity request is received.
2021-06-08 15:09:54 [http-nio-8082-exec-3] INFO  c.s.d.c.c.s.CarChargingSessionService - Charging statis is already stopped with id: 4ca0d84b-52cd-4aa0-94b7-ca4b5a499e78
2021-06-08 15:10:01 [http-nio-8082-exec-6] INFO  c.s.d.c.c.s.CarChargingSessionService - Retrieve summary request is received.
2021-06-08 15:10:01 [http-nio-8082-exec-6] INFO  c.s.d.c.c.s.CarChargingSessionService - Summory of the charging session is calculated! 
2021-06-08 15:10:09 [http-nio-8082-exec-2] WARN  o.s.web.servlet.PageNotFound - Request method 'GET' not supported
2021-06-08 15:10:15 [http-nio-8082-exec-7] INFO  c.s.d.c.c.s.CarChargingSessionService - Retrieve summary request is received.
2021-06-08 15:10:15 [http-nio-8082-exec-7] INFO  c.s.d.c.c.s.CarChargingSessionService - Summory of the charging session is calculated! 
2021-06-08 15:10:27 [http-nio-8082-exec-9] WARN  o.s.web.servlet.PageNotFound - Request method 'GET' not supported
2021-06-08 15:10:31 [http-nio-8082-exec-10] INFO  c.s.d.c.c.s.CarChargingSessionService - Retrieve summary request is received.
2021-06-08 15:10:31 [http-nio-8082-exec-10] INFO  c.s.d.c.c.s.CarChargingSessionService - Summory of the charging session is calculated! 
2021-06-08 15:10:57 [http-nio-8082-exec-1] INFO  c.s.d.c.c.s.CarChargingSessionService - Get all charging entitties request is received.
2021-06-08 15:11:22 [http-nio-8082-exec-3] INFO  c.s.d.c.c.s.CarChargingSessionService - Stop charging entity request is received.
2021-06-08 15:11:22 [http-nio-8082-exec-3] INFO  c.s.d.c.c.s.CarChargingSessionService - Charging statis is already stopped with id: 4ca0d84b-52cd-4aa0-94b7-ca4b5a499e78
2021-06-08 15:11:40 [http-nio-8082-exec-7] WARN  o.s.web.servlet.PageNotFound - Request method 'GET' not supported
2021-06-08 15:11:49 [http-nio-8082-exec-9] WARN  o.s.web.servlet.PageNotFound - Request method 'GET' not supported
2021-06-08 15:11:53 [http-nio-8082-exec-10] INFO  c.s.d.c.c.s.CarChargingSessionService - Retrieve summary request is received.
2021-06-08 15:11:53 [http-nio-8082-exec-10] INFO  c.s.d.c.c.s.CarChargingSessionService - Summory of the charging session is calculated! 
2021-06-08 15:11:55 [http-nio-8082-exec-1] INFO  c.s.d.c.c.s.CarChargingSessionService - Add new charging entity request is received.
2021-06-08 15:11:55 [http-nio-8082-exec-1] INFO  c.s.d.c.c.s.CarChargingSessionService - New charging entity is saved with id: e22a1ab5-dfa2-4958-a639-e7f846b87ecc
2021-06-08 15:11:56 [http-nio-8082-exec-4] INFO  c.s.d.c.c.s.CarChargingSessionService - Add new charging entity request is received.
2021-06-08 15:11:56 [http-nio-8082-exec-4] INFO  c.s.d.c.c.s.CarChargingSessionService - New charging entity is saved with id: 3a1219be-6583-4da8-8d47-0672f211e073
2021-06-08 15:11:57 [http-nio-8082-exec-3] INFO  c.s.d.c.c.s.CarChargingSessionService - Add new charging entity request is received.
2021-06-08 15:11:57 [http-nio-8082-exec-3] INFO  c.s.d.c.c.s.CarChargingSessionService - New charging entity is saved with id: 29495264-13b1-48bb-bd62-f7a791293c73
2021-06-08 15:12:05 [http-nio-8082-exec-6] INFO  c.s.d.c.c.s.CarChargingSessionService - Stop charging entity request is received.
2021-06-08 15:12:05 [http-nio-8082-exec-6] INFO  c.s.d.c.c.s.CarChargingSessionService - Charging entity with id: 29495264-13b1-48bb-bd62-f7a791293c73 is stopped successfully!
2021-06-08 15:12:08 [http-nio-8082-exec-5] INFO  c.s.d.c.c.s.CarChargingSessionService - Stop charging entity request is received.
2021-06-08 15:12:08 [http-nio-8082-exec-5] INFO  c.s.d.c.c.s.CarChargingSessionService - Charging statis is already stopped with id: 29495264-13b1-48bb-bd62-f7a791293c73
2021-06-08 15:13:01 [http-nio-8082-exec-9] INFO  c.s.d.c.c.s.CarChargingSessionService - Add new charging entity request is received.
2021-06-08 15:13:01 [http-nio-8082-exec-9] INFO  c.s.d.c.c.s.CarChargingSessionService - New charging entity is saved with id: 7426a39d-fa46-4b42-9ba2-a2df186655cc
2021-06-08 15:13:12 [http-nio-8082-exec-10] INFO  c.s.d.c.c.s.CarChargingSessionService - Add new charging entity request is received.
2021-06-08 15:13:12 [http-nio-8082-exec-10] INFO  c.s.d.c.c.s.CarChargingSessionService - New charging entity is saved with id: 924052b5-27d9-488d-b484-30e777b3b317
2021-06-08 15:13:18 [http-nio-8082-exec-1] INFO  c.s.d.c.c.s.CarChargingSessionService - Add new charging entity request is received.
2021-06-08 15:13:18 [http-nio-8082-exec-1] INFO  c.s.d.c.c.s.CarChargingSessionService - New charging entity is saved with id: 6d056b06-2a53-4f2a-a33f-54af9a898664
2021-06-08 15:13:52 [main] INFO  o.s.b.t.c.SpringBootTestContextBootstrapper - Neither @ContextConfiguration nor @ContextHierarchy found for test class [com.sdemir.demo.CarChargingSessionApplicationTests], using SpringBootContextLoader
2021-06-08 15:13:52 [main] INFO  o.s.t.c.s.AbstractContextLoader - Could not detect default resource locations for test class [com.sdemir.demo.CarChargingSessionApplicationTests]: no resource found for suffixes {-context.xml, Context.groovy}.
2021-06-08 15:13:52 [main] INFO  o.s.t.c.s.AnnotationConfigContextLoaderUtils - Could not detect default configuration classes for test class [com.sdemir.demo.CarChargingSessionApplicationTests]: CarChargingSessionApplicationTests does not declare any static, non-private, non-final, nested classes annotated with @Configuration.
2021-06-08 15:13:52 [main] INFO  o.s.b.t.c.SpringBootTestContextBootstrapper - Found @SpringBootConfiguration com.sdemir.demo.CarChargingSessionApplication for test class com.sdemir.demo.CarChargingSessionApplicationTests
2021-06-08 15:13:53 [main] INFO  o.s.b.t.c.SpringBootTestContextBootstrapper - Loaded default TestExecutionListener class names from location [META-INF/spring.factories]: [org.springframework.boot.test.mock.mockito.MockitoTestExecutionListener, org.springframework.boot.test.mock.mockito.ResetMocksTestExecutionListener, org.springframework.boot.test.autoconfigure.restdocs.RestDocsTestExecutionListener, org.springframework.boot.test.autoconfigure.web.client.MockRestServiceServerResetTestExecutionListener, org.springframework.boot.test.autoconfigure.web.servlet.MockMvcPrintOnlyOnFailureTestExecutionListener, org.springframework.boot.test.autoconfigure.web.servlet.WebDriverTestExecutionListener, org.springframework.boot.test.autoconfigure.webservices.client.MockWebServiceServerTestExecutionListener, org.springframework.test.context.web.ServletTestExecutionListener, org.springframework.test.context.support.DirtiesContextBeforeModesTestExecutionListener, org.springframework.test.context.event.ApplicationEventsTestExecutionListener, org.springframework.test.context.support.DependencyInjectionTestExecutionListener, org.springframework.test.context.support.DirtiesContextTestExecutionListener, org.springframework.test.context.transaction.TransactionalTestExecutionListener, org.springframework.test.context.jdbc.SqlScriptsTestExecutionListener, org.springframework.test.context.event.EventPublishingTestExecutionListener]
2021-06-08 15:13:53 [main] INFO  o.s.b.t.c.SpringBootTestContextBootstrapper - Using TestExecutionListeners: [org.springframework.test.context.web.ServletTestExecutionListener@71e5f61d, org.springframework.test.context.support.DirtiesContextBeforeModesTestExecutionListener@2ce86164, org.springframework.test.context.event.ApplicationEventsTestExecutionListener@5e8f9e2d, org.springframework.boot.test.mock.mockito.MockitoTestExecutionListener@51df223b, org.springframework.boot.test.autoconfigure.SpringBootDependencyInjectionTestExecutionListener@fd46303, org.springframework.test.context.support.DirtiesContextTestExecutionListener@60d8c0dc, org.springframework.test.context.event.EventPublishingTestExecutionListener@4204541c, org.springframework.boot.test.mock.mockito.ResetMocksTestExecutionListener@6a62689d, org.springframework.boot.test.autoconfigure.restdocs.RestDocsTestExecutionListener@4602c2a9, org.springframework.boot.test.autoconfigure.web.client.MockRestServiceServerResetTestExecutionListener@60fa3495, org.springframework.boot.test.autoconfigure.web.servlet.MockMvcPrintOnlyOnFailureTestExecutionListener@3e2822, org.springframework.boot.test.autoconfigure.web.servlet.WebDriverTestExecutionListener@79e18e38, org.springframework.boot.test.autoconfigure.webservices.client.MockWebServiceServerTestExecutionListener@29a60c27]
2021-06-08 15:13:53 [background-preinit] INFO  o.h.validator.internal.util.Version - HV000001: Hibernate Validator 6.2.0.Final
2021-06-08 15:13:53 [main] INFO  c.s.d.CarChargingSessionApplicationTests - Starting CarChargingSessionApplicationTests using Java 11.0.10 on Sertacs-MacBook-Pro.local with PID 46755 (started by sertacdemir in /Users/sertacdemir/Desktop/code/workspace-spring-tool-suite/car-charging-session)
2021-06-08 15:13:53 [main] INFO  c.s.d.CarChargingSessionApplicationTests - No active profile set, falling back to default profiles: default
2021-06-08 15:13:57 [main] INFO  o.s.b.t.m.w.SpringBootMockServletContext - Initializing Spring TestDispatcherServlet ''
2021-06-08 15:13:57 [main] INFO  o.s.t.w.s.TestDispatcherServlet - Initializing Servlet ''
2021-06-08 15:13:57 [main] INFO  o.s.t.w.s.TestDispatcherServlet - Completed initialization in 1 ms
2021-06-08 15:13:57 [main] INFO  c.s.d.CarChargingSessionApplicationTests - Started CarChargingSessionApplicationTests in 4.651 seconds (JVM running for 6.368)
2021-06-08 15:13:57 [main] INFO  o.s.b.a.ApplicationAvailabilityBean - Application availability state LivenessState changed to CORRECT
2021-06-08 15:13:57 [main] INFO  o.s.b.a.ApplicationAvailabilityBean - Application availability state ReadinessState changed to ACCEPTING_TRAFFIC
2021-06-08 15:13:58 [main] INFO  c.s.d.c.c.s.CarChargingSessionService - Add new charging entity request is received.
2021-06-08 15:13:58 [main] INFO  c.s.d.c.c.s.CarChargingSessionService - New charging entity is saved with id: 6abc4be0-7466-43b1-a6a2-1753f3aab418
2021-06-08 15:13:58 [main] INFO  c.s.d.c.c.s.CarChargingSessionService - Stop charging entity request is received.
2021-06-08 15:13:58 [main] INFO  c.s.d.c.c.s.CarChargingSessionService - Charging entity with id: 6abc4be0-7466-43b1-a6a2-1753f3aab418 is stopped successfully!
2021-06-08 15:13:58 [main] INFO  c.s.d.c.c.s.CarChargingSessionService - Get all charging entitties request is received.
2021-06-08 15:13:58 [main] INFO  c.s.d.c.c.s.CarChargingSessionService - Add new charging entity request is received.
2021-06-08 15:13:58 [main] INFO  c.s.d.c.c.s.CarChargingSessionService - New charging entity is saved with id: d3b32aeb-f35a-4407-92aa-a21c0320c0a9
2021-06-08 15:13:58 [main] INFO  c.s.d.c.c.s.CarChargingSessionService - Stop charging entity request is received.
2021-06-08 15:13:58 [main] INFO  c.s.d.c.c.s.CarChargingSessionService - Charging entity with id: d3b32aeb-f35a-4407-92aa-a21c0320c0a9 is stopped successfully!
2021-06-08 15:13:58 [main] INFO  c.s.d.c.c.s.CarChargingSessionService - Retrieve summary request is received.
2021-06-08 15:13:58 [main] INFO  c.s.d.c.c.s.CarChargingSessionService - Summory of the charging session is calculated! 
2021-06-08 16:24:57 [main] INFO  o.s.b.t.c.SpringBootTestContextBootstrapper - Neither @ContextConfiguration nor @ContextHierarchy found for test class [com.sdemir.demo.CarChargingSessionApplicationTests], using SpringBootContextLoader
2021-06-08 16:24:57 [main] INFO  o.s.t.c.s.AbstractContextLoader - Could not detect default resource locations for test class [com.sdemir.demo.CarChargingSessionApplicationTests]: no resource found for suffixes {-context.xml, Context.groovy}.
2021-06-08 16:24:57 [main] INFO  o.s.t.c.s.AnnotationConfigContextLoaderUtils - Could not detect default configuration classes for test class [com.sdemir.demo.CarChargingSessionApplicationTests]: CarChargingSessionApplicationTests does not declare any static, non-private, non-final, nested classes annotated with @Configuration.
2021-06-08 16:24:57 [main] INFO  o.s.b.t.c.SpringBootTestContextBootstrapper - Found @SpringBootConfiguration com.sdemir.demo.CarChargingSessionApplication for test class com.sdemir.demo.CarChargingSessionApplicationTests
2021-06-08 16:24:58 [main] INFO  o.s.b.t.c.SpringBootTestContextBootstrapper - Loaded default TestExecutionListener class names from location [META-INF/spring.factories]: [org.springframework.boot.test.mock.mockito.MockitoTestExecutionListener, org.springframework.boot.test.mock.mockito.ResetMocksTestExecutionListener, org.springframework.boot.test.autoconfigure.restdocs.RestDocsTestExecutionListener, org.springframework.boot.test.autoconfigure.web.client.MockRestServiceServerResetTestExecutionListener, org.springframework.boot.test.autoconfigure.web.servlet.MockMvcPrintOnlyOnFailureTestExecutionListener, org.springframework.boot.test.autoconfigure.web.servlet.WebDriverTestExecutionListener, org.springframework.boot.test.autoconfigure.webservices.client.MockWebServiceServerTestExecutionListener, org.springframework.test.context.web.ServletTestExecutionListener, org.springframework.test.context.support.DirtiesContextBeforeModesTestExecutionListener, org.springframework.test.context.event.ApplicationEventsTestExecutionListener, org.springframework.test.context.support.DependencyInjectionTestExecutionListener, org.springframework.test.context.support.DirtiesContextTestExecutionListener, org.springframework.test.context.transaction.TransactionalTestExecutionListener, org.springframework.test.context.jdbc.SqlScriptsTestExecutionListener, org.springframework.test.context.event.EventPublishingTestExecutionListener]
2021-06-08 16:24:58 [main] INFO  o.s.b.t.c.SpringBootTestContextBootstrapper - Using TestExecutionListeners: [org.springframework.test.context.web.ServletTestExecutionListener@6273c5a4, org.springframework.test.context.support.DirtiesContextBeforeModesTestExecutionListener@5d465e4b, org.springframework.test.context.event.ApplicationEventsTestExecutionListener@53e211ee, org.springframework.boot.test.mock.mockito.MockitoTestExecutionListener@41a90fa8, org.springframework.boot.test.autoconfigure.SpringBootDependencyInjectionTestExecutionListener@3d8bbcdc, org.springframework.test.context.support.DirtiesContextTestExecutionListener@52500920, org.springframework.test.context.event.EventPublishingTestExecutionListener@117e0fe5, org.springframework.boot.test.mock.mockito.ResetMocksTestExecutionListener@18a3962d, org.springframework.boot.test.autoconfigure.restdocs.RestDocsTestExecutionListener@78aea4b9, org.springframework.boot.test.autoconfigure.web.client.MockRestServiceServerResetTestExecutionListener@2a65bb85, org.springframework.boot.test.autoconfigure.web.servlet.MockMvcPrintOnlyOnFailureTestExecutionListener@4b85880b, org.springframework.boot.test.autoconfigure.web.servlet.WebDriverTestExecutionListener@4f936da8, org.springframework.boot.test.autoconfigure.webservices.client.MockWebServiceServerTestExecutionListener@4215838f]
2021-06-08 16:24:58 [background-preinit] INFO  o.h.validator.internal.util.Version - HV000001: Hibernate Validator 6.2.0.Final
2021-06-08 16:24:58 [main] INFO  c.s.d.CarChargingSessionApplicationTests - Starting CarChargingSessionApplicationTests using Java 11.0.10 on Sertacs-MacBook-Pro.local with PID 47018 (started by sertacdemir in /Users/sertacdemir/Desktop/code/workspace-spring-tool-suite/car-charging-session)
2021-06-08 16:24:58 [main] INFO  c.s.d.CarChargingSessionApplicationTests - No active profile set, falling back to default profiles: default
2021-06-08 16:25:02 [main] INFO  o.s.b.t.m.w.SpringBootMockServletContext - Initializing Spring TestDispatcherServlet ''
2021-06-08 16:25:02 [main] INFO  o.s.t.w.s.TestDispatcherServlet - Initializing Servlet ''
2021-06-08 16:25:02 [main] INFO  o.s.t.w.s.TestDispatcherServlet - Completed initialization in 1 ms
2021-06-08 16:25:02 [main] INFO  c.s.d.CarChargingSessionApplicationTests - Started CarChargingSessionApplicationTests in 4.388 seconds (JVM running for 6.045)
2021-06-08 16:25:02 [main] INFO  o.s.b.a.ApplicationAvailabilityBean - Application availability state LivenessState changed to CORRECT
2021-06-08 16:25:02 [main] INFO  o.s.b.a.ApplicationAvailabilityBean - Application availability state ReadinessState changed to ACCEPTING_TRAFFIC
2021-06-08 16:25:02 [main] INFO  c.s.d.c.c.s.CarChargingSessionService - Add new charging entity request is received.
2021-06-08 16:25:02 [main] INFO  c.s.d.c.c.s.CarChargingSessionService - New charging entity is saved with id: 3b401d5a-b48c-456f-8ab7-f9448522b656
2021-06-08 16:25:03 [main] INFO  c.s.d.c.c.s.CarChargingSessionService - Stop charging entity request is received.
2021-06-08 16:25:03 [main] INFO  c.s.d.c.c.s.CarChargingSessionService - Charging entity with id: 3b401d5a-b48c-456f-8ab7-f9448522b656 is stopped successfully!
2021-06-08 16:25:03 [main] INFO  c.s.d.c.c.s.CarChargingSessionService - Get all charging entitties request is received.
2021-06-08 16:25:03 [main] INFO  c.s.d.c.c.s.CarChargingSessionService - Add new charging entity request is received.
2021-06-08 16:25:03 [main] INFO  c.s.d.c.c.s.CarChargingSessionService - New charging entity is saved with id: ebda2b67-2baa-41dc-a640-c9e429ed64d0
2021-06-08 16:25:03 [main] INFO  c.s.d.c.c.s.CarChargingSessionService - Stop charging entity request is received.
2021-06-08 16:25:03 [main] INFO  c.s.d.c.c.s.CarChargingSessionService - Charging entity with id: ebda2b67-2baa-41dc-a640-c9e429ed64d0 is stopped successfully!
2021-06-08 16:25:03 [main] INFO  c.s.d.c.c.s.CarChargingSessionService - Retrieve summary request is received.
2021-06-08 16:25:03 [main] INFO  c.s.d.c.c.s.CarChargingSessionService - Summory of the charging session is calculated! 
2021-06-08 20:28:26 [main] INFO  o.s.b.t.c.SpringBootTestContextBootstrapper - Neither @ContextConfiguration nor @ContextHierarchy found for test class [com.sdemir.demo.CarChargingSessionApplicationTests], using SpringBootContextLoader
2021-06-08 20:28:26 [main] INFO  o.s.t.c.s.AbstractContextLoader - Could not detect default resource locations for test class [com.sdemir.demo.CarChargingSessionApplicationTests]: no resource found for suffixes {-context.xml, Context.groovy}.
2021-06-08 20:28:26 [main] INFO  o.s.t.c.s.AnnotationConfigContextLoaderUtils - Could not detect default configuration classes for test class [com.sdemir.demo.CarChargingSessionApplicationTests]: CarChargingSessionApplicationTests does not declare any static, non-private, non-final, nested classes annotated with @Configuration.
2021-06-08 20:28:27 [main] INFO  o.s.b.t.c.SpringBootTestContextBootstrapper - Found @SpringBootConfiguration com.sdemir.demo.CarChargingSessionApplication for test class com.sdemir.demo.CarChargingSessionApplicationTests
2021-06-08 20:28:27 [main] INFO  o.s.b.t.c.SpringBootTestContextBootstrapper - Loaded default TestExecutionListener class names from location [META-INF/spring.factories]: [org.springframework.boot.test.mock.mockito.MockitoTestExecutionListener, org.springframework.boot.test.mock.mockito.ResetMocksTestExecutionListener, org.springframework.boot.test.autoconfigure.restdocs.RestDocsTestExecutionListener, org.springframework.boot.test.autoconfigure.web.client.MockRestServiceServerResetTestExecutionListener, org.springframework.boot.test.autoconfigure.web.servlet.MockMvcPrintOnlyOnFailureTestExecutionListener, org.springframework.boot.test.autoconfigure.web.servlet.WebDriverTestExecutionListener, org.springframework.boot.test.autoconfigure.webservices.client.MockWebServiceServerTestExecutionListener, org.springframework.test.context.web.ServletTestExecutionListener, org.springframework.test.context.support.DirtiesContextBeforeModesTestExecutionListener, org.springframework.test.context.event.ApplicationEventsTestExecutionListener, org.springframework.test.context.support.DependencyInjectionTestExecutionListener, org.springframework.test.context.support.DirtiesContextTestExecutionListener, org.springframework.test.context.transaction.TransactionalTestExecutionListener, org.springframework.test.context.jdbc.SqlScriptsTestExecutionListener, org.springframework.test.context.event.EventPublishingTestExecutionListener]
2021-06-08 20:28:27 [main] INFO  o.s.b.t.c.SpringBootTestContextBootstrapper - Using TestExecutionListeners: [org.springframework.test.context.web.ServletTestExecutionListener@147e2ae7, org.springframework.test.context.support.DirtiesContextBeforeModesTestExecutionListener@448c8166, org.springframework.test.context.event.ApplicationEventsTestExecutionListener@4470fbd6, org.springframework.boot.test.mock.mockito.MockitoTestExecutionListener@15d49048, org.springframework.boot.test.autoconfigure.SpringBootDependencyInjectionTestExecutionListener@7098b907, org.springframework.test.context.support.DirtiesContextTestExecutionListener@503f91c3, org.springframework.test.context.event.EventPublishingTestExecutionListener@13526e59, org.springframework.boot.test.mock.mockito.ResetMocksTestExecutionListener@2235eaab, org.springframework.boot.test.autoconfigure.restdocs.RestDocsTestExecutionListener@17503f6b, org.springframework.boot.test.autoconfigure.web.client.MockRestServiceServerResetTestExecutionListener@3bcd05cb, org.springframework.boot.test.autoconfigure.web.servlet.MockMvcPrintOnlyOnFailureTestExecutionListener@3b6d844d, org.springframework.boot.test.autoconfigure.web.servlet.WebDriverTestExecutionListener@36804139, org.springframework.boot.test.autoconfigure.webservices.client.MockWebServiceServerTestExecutionListener@20bd8be5]
2021-06-08 20:28:27 [main] INFO  c.s.d.CarChargingSessionApplicationTests - Starting CarChargingSessionApplicationTests using Java 1.8.0_281 on Sertacs-MacBook-Pro.local with PID 47668 (started by sertacdemir in /Users/sertacdemir/Desktop/code/workspace-spring-tool-suite/car-charging-session)
2021-06-08 20:28:27 [background-preinit] INFO  o.h.validator.internal.util.Version - HV000001: Hibernate Validator 6.2.0.Final
2021-06-08 20:28:27 [main] INFO  c.s.d.CarChargingSessionApplicationTests - No active profile set, falling back to default profiles: default
2021-06-08 20:28:32 [main] INFO  o.s.b.t.m.w.SpringBootMockServletContext - Initializing Spring TestDispatcherServlet ''
2021-06-08 20:28:32 [main] INFO  o.s.t.w.s.TestDispatcherServlet - Initializing Servlet ''
2021-06-08 20:28:32 [main] INFO  o.s.t.w.s.TestDispatcherServlet - Completed initialization in 3 ms
2021-06-08 20:28:32 [main] INFO  c.s.d.CarChargingSessionApplicationTests - Started CarChargingSessionApplicationTests in 4.893 seconds (JVM running for 6.518)
2021-06-08 20:28:32 [main] INFO  o.s.b.a.ApplicationAvailabilityBean - Application availability state LivenessState changed to CORRECT
2021-06-08 20:28:32 [main] INFO  o.s.b.a.ApplicationAvailabilityBean - Application availability state ReadinessState changed to ACCEPTING_TRAFFIC
2021-06-08 20:28:32 [main] INFO  c.s.d.c.c.s.CarChargingSessionService - Add new charging entity request is received.
2021-06-08 20:28:32 [main] INFO  c.s.d.c.c.s.CarChargingSessionService - New charging entity is saved with id: 69632592-d006-4969-888f-460290eed5ab
2021-06-08 20:28:32 [main] INFO  c.s.d.c.c.s.CarChargingSessionService - Stop charging entity request is received.
2021-06-08 20:28:32 [main] INFO  c.s.d.c.c.s.CarChargingSessionService - Charging entity with id: 69632592-d006-4969-888f-460290eed5ab is stopped successfully!
2021-06-08 20:28:32 [main] INFO  c.s.d.c.c.s.CarChargingSessionService - Get all charging entitties request is received.
2021-06-08 20:28:32 [main] INFO  c.s.d.c.c.s.CarChargingSessionService - Add new charging entity request is received.
2021-06-08 20:28:32 [main] INFO  c.s.d.c.c.s.CarChargingSessionService - New charging entity is saved with id: e5cc7491-8203-46ec-99ea-3599a147443d
2021-06-08 20:28:32 [main] INFO  c.s.d.c.c.s.CarChargingSessionService - Stop charging entity request is received.
2021-06-08 20:28:32 [main] INFO  c.s.d.c.c.s.CarChargingSessionService - Charging entity with id: e5cc7491-8203-46ec-99ea-3599a147443d is stopped successfully!
2021-06-08 20:28:32 [main] INFO  c.s.d.c.c.s.CarChargingSessionService - Retrieve summary request is received.
2021-06-08 20:28:32 [main] INFO  c.s.d.c.c.s.CarChargingSessionService - Summory of the charging session is calculated! 
